2024-10-26T17:13:22.986+01:00  WARN 9124 --- [manager] [HikariPool-1 housekeeper] com.zaxxer.hikari.pool.HikariPool        : HikariPool-1 - Thread starvation or clock leap detected (housekeeper delta=1d2h18m28s535ms319µs200ns).
2024-10-26T17:14:23.818+01:00  INFO 9124 --- [manager] [SpringApplicationShutdownHook] j.LocalContainerEntityManagerFactoryBean : Closing JPA EntityManagerFactory for persistence unit 'default'
2024-10-26T17:14:23.824+01:00  INFO 9124 --- [manager] [SpringApplicationShutdownHook] com.zaxxer.hikari.HikariDataSource       : HikariPool-1 - Shutdown initiated...
2024-10-26T17:14:23.841+01:00  INFO 9124 --- [manager] [SpringApplicationShutdownHook] com.zaxxer.hikari.HikariDataSource       : HikariPool-1 - Shutdown completed.
2024-10-26T17:19:58.855+01:00  INFO 27864 --- [manager] [restartedMain] c.m.manager.ManagerApplication           : Starting ManagerApplication using Java 17 with PID 27864 (C:\Users\a101753\OneDrive - Eviden\Proyectos formativos\Desarrollos Formativos\MettingRoom_Manager\MeetingRoomManager-Backend\target\classes started by a101753 in C:\Users\a101753\OneDrive - Eviden\Proyectos formativos\Desarrollos Formativos\MettingRoom_Manager\MeetingRoomManager-Backend)
2024-10-26T17:19:58.861+01:00  INFO 27864 --- [manager] [restartedMain] c.m.manager.ManagerApplication           : No active profile set, falling back to 1 default profile: "default"
2024-10-26T17:19:58.970+01:00  INFO 27864 --- [manager] [restartedMain] .e.DevToolsPropertyDefaultsPostProcessor : Devtools property defaults active! Set 'spring.devtools.add-properties' to 'false' to disable
2024-10-26T17:19:58.971+01:00  INFO 27864 --- [manager] [restartedMain] .e.DevToolsPropertyDefaultsPostProcessor : For additional web related logging consider setting the 'logging.level.web' property to 'DEBUG'
2024-10-26T17:20:01.561+01:00  INFO 27864 --- [manager] [restartedMain] .s.d.r.c.RepositoryConfigurationDelegate : Bootstrapping Spring Data JPA repositories in DEFAULT mode.
2024-10-26T17:20:01.844+01:00  INFO 27864 --- [manager] [restartedMain] .s.d.r.c.RepositoryConfigurationDelegate : Finished Spring Data repository scanning in 254 ms. Found 6 JPA repository interfaces.
2024-10-26T17:20:04.229+01:00  INFO 27864 --- [manager] [restartedMain] o.s.b.w.embedded.tomcat.TomcatWebServer  : Tomcat initialized with port 8080 (http)
2024-10-26T17:20:04.260+01:00  INFO 27864 --- [manager] [restartedMain] o.apache.catalina.core.StandardService   : Starting service [Tomcat]
2024-10-26T17:20:04.260+01:00  INFO 27864 --- [manager] [restartedMain] o.apache.catalina.core.StandardEngine    : Starting Servlet engine: [Apache Tomcat/10.1.30]
2024-10-26T17:20:04.359+01:00  INFO 27864 --- [manager] [restartedMain] o.a.c.c.C.[Tomcat].[localhost].[/]       : Initializing Spring embedded WebApplicationContext
2024-10-26T17:20:04.360+01:00  INFO 27864 --- [manager] [restartedMain] w.s.c.ServletWebServerApplicationContext : Root WebApplicationContext: initialization completed in 5387 ms
2024-10-26T17:20:05.144+01:00  INFO 27864 --- [manager] [restartedMain] o.hibernate.jpa.internal.util.LogHelper  : HHH000204: Processing PersistenceUnitInfo [name: default]
2024-10-26T17:20:05.341+01:00  INFO 27864 --- [manager] [restartedMain] org.hibernate.Version                    : HHH000412: Hibernate ORM core version 6.5.3.Final
2024-10-26T17:20:05.443+01:00  INFO 27864 --- [manager] [restartedMain] o.h.c.internal.RegionFactoryInitiator    : HHH000026: Second-level cache disabled
2024-10-26T17:20:06.166+01:00  INFO 27864 --- [manager] [restartedMain] o.s.o.j.p.SpringPersistenceUnitInfo      : No LoadTimeWeaver setup: ignoring JPA class transformer
2024-10-26T17:20:06.234+01:00  INFO 27864 --- [manager] [restartedMain] com.zaxxer.hikari.HikariDataSource       : HikariPool-1 - Starting...
2024-10-26T17:20:06.682+01:00  INFO 27864 --- [manager] [restartedMain] com.zaxxer.hikari.pool.HikariPool        : HikariPool-1 - Added connection org.postgresql.jdbc.PgConnection@40b700bb
2024-10-26T17:20:06.687+01:00  INFO 27864 --- [manager] [restartedMain] com.zaxxer.hikari.HikariDataSource       : HikariPool-1 - Start completed.
2024-10-26T17:20:06.779+01:00  WARN 27864 --- [manager] [restartedMain] org.hibernate.orm.deprecation            : HHH90000025: PostgreSQLDialect does not need to be specified explicitly using 'hibernate.dialect' (remove the property setting and it will be selected by default)
2024-10-26T17:20:09.316+01:00  INFO 27864 --- [manager] [restartedMain] o.h.e.t.j.p.i.JtaPlatformInitiator       : HHH000489: No JTA platform available (set 'hibernate.transaction.jta.platform' to enable JTA platform integration)
2024-10-26T17:20:09.583+01:00  INFO 27864 --- [manager] [restartedMain] j.LocalContainerEntityManagerFactoryBean : Initialized JPA EntityManagerFactory for persistence unit 'default'
2024-10-26T17:20:10.232+01:00  INFO 27864 --- [manager] [restartedMain] o.s.d.j.r.query.QueryEnhancerFactory     : Hibernate is in classpath; If applicable, HQL parser will be used.
2024-10-26T17:20:10.949+01:00  INFO 27864 --- [manager] [restartedMain] f.a.AutowiredAnnotationBeanPostProcessor : Autowired annotation should only be used on methods with parameters: org.springframework.security.core.userdetails.UserDetailsService com.meetingroom.manager.configuration.app.ApplicationConfig.userDetailService()
2024-10-26T17:20:11.222+01:00 TRACE 27864 --- [manager] [restartedMain] eGlobalAuthenticationAutowiredConfigurer : Eagerly initializing {securityConfig=com.meetingroom.manager.configuration.security.SecurityConfig$$SpringCGLIB$$0@51dd2af1}
2024-10-26T17:20:11.226+01:00  INFO 27864 --- [manager] [restartedMain] eAuthenticationProviderManagerConfigurer : Global AuthenticationManager configured with AuthenticationProvider bean with name authenticationProvider
2024-10-26T17:20:11.229+01:00  WARN 27864 --- [manager] [restartedMain] r$InitializeUserDetailsManagerConfigurer : Global AuthenticationManager configured with an AuthenticationProvider bean. UserDetailsService beans will not be used for username/password login. Consider removing the AuthenticationProvider bean. Alternatively, consider using the UserDetailsService in a manually instantiated DaoAuthenticationProvider.
2024-10-26T17:20:11.636+01:00  WARN 27864 --- [manager] [restartedMain] JpaBaseConfiguration$JpaWebConfiguration : spring.jpa.open-in-view is enabled by default. Therefore, database queries may be performed during view rendering. Explicitly configure spring.jpa.open-in-view to disable this warning
2024-10-26T17:20:12.703+01:00  INFO 27864 --- [manager] [restartedMain] o.s.b.a.e.web.EndpointLinksResolver      : Exposing 1 endpoint beneath base path '/actuator'
2024-10-26T17:20:12.875+01:00 DEBUG 27864 --- [manager] [restartedMain] o.s.s.web.DefaultSecurityFilterChain     : Will secure any request with filters: DisableEncodeUrlFilter, WebAsyncManagerIntegrationFilter, SecurityContextHolderFilter, HeaderWriterFilter, LogoutFilter, JwtAuthenticationFilter, RequestCacheAwareFilter, SecurityContextHolderAwareRequestFilter, AnonymousAuthenticationFilter, SessionManagementFilter, ExceptionTranslationFilter, AuthorizationFilter
2024-10-26T17:20:13.811+01:00  INFO 27864 --- [manager] [restartedMain] o.s.b.d.a.OptionalLiveReloadServer       : LiveReload server is running on port 35729
2024-10-26T17:20:14.002+01:00  INFO 27864 --- [manager] [restartedMain] o.s.b.w.embedded.tomcat.TomcatWebServer  : Tomcat started on port 8080 (http) with context path '/'
2024-10-26T17:20:14.021+01:00  INFO 27864 --- [manager] [restartedMain] c.m.manager.ManagerApplication           : Started ManagerApplication in 16.115 seconds (process running for 17.106)
2024-10-26T17:20:28.801+01:00  INFO 27864 --- [manager] [http-nio-8080-exec-1] o.a.c.c.C.[Tomcat].[localhost].[/]       : Initializing Spring DispatcherServlet 'dispatcherServlet'
2024-10-26T17:20:28.801+01:00  INFO 27864 --- [manager] [http-nio-8080-exec-1] o.s.web.servlet.DispatcherServlet        : Initializing Servlet 'dispatcherServlet'
2024-10-26T17:20:28.802+01:00  INFO 27864 --- [manager] [http-nio-8080-exec-1] o.s.web.servlet.DispatcherServlet        : Completed initialization in 1 ms
2024-10-26T17:20:28.830+01:00 TRACE 27864 --- [manager] [http-nio-8080-exec-1] o.s.security.web.FilterChainProxy        : Trying to match request against DefaultSecurityFilterChain [RequestMatcher=any request, Filters=[org.springframework.security.web.session.DisableEncodeUrlFilter@103524cf, org.springframework.security.web.context.request.async.WebAsyncManagerIntegrationFilter@b1af361, org.springframework.security.web.context.SecurityContextHolderFilter@3c33e20f, org.springframework.security.web.header.HeaderWriterFilter@53f537a3, org.springframework.security.web.authentication.logout.LogoutFilter@aa64dbf, com.meetingroom.manager.services.security.JwtAuthenticationFilter@1ff5ccbd, org.springframework.security.web.savedrequest.RequestCacheAwareFilter@10ed6321, org.springframework.security.web.servletapi.SecurityContextHolderAwareRequestFilter@7b3e135e, org.springframework.security.web.authentication.AnonymousAuthenticationFilter@1fb92897, org.springframework.security.web.session.SessionManagementFilter@4dd6acb, org.springframework.security.web.access.ExceptionTranslationFilter@39ee9d7d, org.springframework.security.web.access.intercept.AuthorizationFilter@5b95a73f]] (1/1)
2024-10-26T17:20:28.831+01:00 DEBUG 27864 --- [manager] [http-nio-8080-exec-1] o.s.security.web.FilterChainProxy        : Securing POST /auth/verify?code=OOErLGGgAvBuJ78XSdo2OG3KerzZKButsaB78d52VpcAp2cum74nkH3kCtpA290U
2024-10-26T17:20:28.834+01:00 TRACE 27864 --- [manager] [http-nio-8080-exec-1] o.s.security.web.FilterChainProxy        : Invoking DisableEncodeUrlFilter (1/12)
2024-10-26T17:20:28.839+01:00 TRACE 27864 --- [manager] [http-nio-8080-exec-1] o.s.security.web.FilterChainProxy        : Invoking WebAsyncManagerIntegrationFilter (2/12)
2024-10-26T17:20:28.843+01:00 TRACE 27864 --- [manager] [http-nio-8080-exec-1] o.s.security.web.FilterChainProxy        : Invoking SecurityContextHolderFilter (3/12)
2024-10-26T17:20:28.846+01:00 TRACE 27864 --- [manager] [http-nio-8080-exec-1] o.s.security.web.FilterChainProxy        : Invoking HeaderWriterFilter (4/12)
2024-10-26T17:20:28.848+01:00 TRACE 27864 --- [manager] [http-nio-8080-exec-1] o.s.security.web.FilterChainProxy        : Invoking LogoutFilter (5/12)
2024-10-26T17:20:28.849+01:00 TRACE 27864 --- [manager] [http-nio-8080-exec-1] o.s.s.w.a.logout.LogoutFilter            : Did not match request to Or [Ant [pattern='/logout', GET], Ant [pattern='/logout', POST], Ant [pattern='/logout', PUT], Ant [pattern='/logout', DELETE]]
2024-10-26T17:20:28.849+01:00 TRACE 27864 --- [manager] [http-nio-8080-exec-1] o.s.security.web.FilterChainProxy        : Invoking JwtAuthenticationFilter (6/12)
2024-10-26T17:20:28.849+01:00 TRACE 27864 --- [manager] [http-nio-8080-exec-1] o.s.security.web.FilterChainProxy        : Invoking RequestCacheAwareFilter (7/12)
2024-10-26T17:20:28.850+01:00 TRACE 27864 --- [manager] [http-nio-8080-exec-1] o.s.security.web.FilterChainProxy        : Invoking SecurityContextHolderAwareRequestFilter (8/12)
2024-10-26T17:20:28.851+01:00 TRACE 27864 --- [manager] [http-nio-8080-exec-1] o.s.security.web.FilterChainProxy        : Invoking AnonymousAuthenticationFilter (9/12)
2024-10-26T17:20:28.852+01:00 TRACE 27864 --- [manager] [http-nio-8080-exec-1] o.s.security.web.FilterChainProxy        : Invoking SessionManagementFilter (10/12)
2024-10-26T17:20:28.852+01:00 TRACE 27864 --- [manager] [http-nio-8080-exec-1] .s.s.w.c.SupplierDeferredSecurityContext : Created SecurityContextImpl [Null authentication]
2024-10-26T17:20:28.854+01:00 TRACE 27864 --- [manager] [http-nio-8080-exec-1] o.s.s.w.a.AnonymousAuthenticationFilter  : Set SecurityContextHolder to AnonymousAuthenticationToken [Principal=anonymousUser, Credentials=[PROTECTED], Authenticated=true, Details=WebAuthenticationDetails [RemoteIpAddress=0:0:0:0:0:0:0:1, SessionId=null], Granted Authorities=[ROLE_ANONYMOUS]]
2024-10-26T17:20:28.854+01:00 TRACE 27864 --- [manager] [http-nio-8080-exec-1] o.s.security.web.FilterChainProxy        : Invoking ExceptionTranslationFilter (11/12)
2024-10-26T17:20:28.854+01:00 TRACE 27864 --- [manager] [http-nio-8080-exec-1] o.s.security.web.FilterChainProxy        : Invoking AuthorizationFilter (12/12)
2024-10-26T17:20:28.856+01:00 TRACE 27864 --- [manager] [http-nio-8080-exec-1] estMatcherDelegatingAuthorizationManager : Authorizing POST /auth/verify?code=OOErLGGgAvBuJ78XSdo2OG3KerzZKButsaB78d52VpcAp2cum74nkH3kCtpA290U
2024-10-26T17:20:28.857+01:00 TRACE 27864 --- [manager] [http-nio-8080-exec-1] estMatcherDelegatingAuthorizationManager : Checking authorization on POST /auth/verify?code=OOErLGGgAvBuJ78XSdo2OG3KerzZKButsaB78d52VpcAp2cum74nkH3kCtpA290U using org.springframework.security.config.annotation.web.configurers.AuthorizeHttpRequestsConfigurer$$Lambda$1650/0x00000008016d6700@30c5e9bf
2024-10-26T17:20:28.862+01:00 DEBUG 27864 --- [manager] [http-nio-8080-exec-1] o.s.security.web.FilterChainProxy        : Secured POST /auth/verify?code=OOErLGGgAvBuJ78XSdo2OG3KerzZKButsaB78d52VpcAp2cum74nkH3kCtpA290U
2024-10-26T17:20:28.894+01:00  INFO 27864 --- [manager] [http-nio-8080-exec-1] c.m.m.p.controller.AuthController        : **[MeetingRoom]--- Verificando el codigo de activacion
2024-10-26T17:20:28.897+01:00  INFO 27864 --- [manager] [http-nio-8080-exec-1] c.m.m.p.controller.AuthController        : **[MeetingRoom]--- Parametro leido: OOErLGGgAvBuJ78XSdo2OG3KerzZKButsaB78d52VpcAp2cum74nkH3kCtpA290U
2024-10-26T17:20:28.997+01:00 DEBUG 27864 --- [manager] [http-nio-8080-exec-1] org.hibernate.SQL                        : select u1_0.id,u1_0.email,u1_0.estado_user,u1_0.password,u1_0.verification_code,u1_0.reg_version from usuario u1_0 where u1_0.verification_code=?
2024-10-26T17:20:29.027+01:00 DEBUG 27864 --- [manager] [http-nio-8080-exec-1] org.hibernate.SQL                        : select r1_0.fk_usuario,r1_0.id,r1_0.fk_rol,ir1_0.id_rol,ir1_0.descripcion_rol,ir1_0.nombre_rol,ir1_0.reg_version,p1_0.fk_user_rol,p1_1.id,p1_1.name from usuario_rol_permisos r1_0 left join rol ir1_0 on ir1_0.id_rol=r1_0.fk_rol left join "user-rol-permisos" p1_0 on r1_0.id=p1_0.fk_user_rol left join permisos p1_1 on p1_1.id=p1_0.fk_permiso where r1_0.fk_usuario=?
2024-10-26T17:20:31.414+01:00 DEBUG 27864 --- [manager] [http-nio-8080-exec-1] org.hibernate.SQL                        : update usuario set email=?,estado_user=?,password=?,verification_code=?,reg_version=? where id=? and reg_version=?
2024-10-26T17:20:31.483+01:00 TRACE 27864 --- [manager] [http-nio-8080-exec-1] o.s.s.w.header.writers.HstsHeaderWriter  : Not injecting HSTS header since it did not match request to [Is Secure]
2024-10-26T17:26:18.969+01:00  INFO 27864 --- [manager] [SpringApplicationShutdownHook] j.LocalContainerEntityManagerFactoryBean : Closing JPA EntityManagerFactory for persistence unit 'default'
2024-10-26T17:26:18.997+01:00  INFO 27864 --- [manager] [SpringApplicationShutdownHook] com.zaxxer.hikari.HikariDataSource       : HikariPool-1 - Shutdown initiated...
2024-10-26T17:26:19.014+01:00  INFO 27864 --- [manager] [SpringApplicationShutdownHook] com.zaxxer.hikari.HikariDataSource       : HikariPool-1 - Shutdown completed.
